<?xml version="1.0" encoding="UTF-8"?>
<!-- Generated by org.testng.reporters.JUnitReportReporter -->
<testsuite hostname="IB-Pune-LAP-200" failures="0" tests="1" name="practice.PracticeTest" time="0.011" errors="0" timestamp="2022-09-21T16:25:02 IST" skipped="0">
  <testcase classname="practice.PracticeTest" name="show" time="0.011"/>
  <system-out/>
</testsuite> <!-- practice.PracticeTest -->
