<?xml version="1.0" encoding="UTF-8"?>
<!-- Generated by org.testng.reporters.JUnitReportReporter -->
<testsuite hostname="IB-Pune-LAP-200" failures="0" tests="1" name="practice.PracticeTest" time="0.009" errors="0" timestamp="21 Sep 2022 11:14:41 GMT" skipped="0">
  <testcase classname="practice.PracticeTest" name="show" time="0.009"/>
</testsuite> <!-- practice.PracticeTest -->
